2026-02-05T18:54:02.883Z [console][warn] %cDownload the React DevTools for a better development experience: https://react.dev/link/react-devtools font-weight:bold
2026-02-05T18:54:02.962Z [console][warn] %cDownload the React DevTools for a better development experience: https://react.dev/link/react-devtools font-weight:bold
2026-02-05T18:54:02.987Z [console][error] Image with src "http://localhost:3000/vercel.svg" has either width or height modified, but not the other. If you use CSS to change the size of your image, also include the styles 'width: "auto"' or 'height: "auto"' to maintain the aspect ratio.
2026-02-05T18:54:34.182Z [console][warn] [Fast Refresh] rebuilding
2026-02-05T18:54:34.374Z [console][warn] [Fast Refresh] done in 274ms
2026-02-05T18:55:22.483Z [console][warn] %cDownload the React DevTools for a better development experience: https://react.dev/link/react-devtools font-weight:bold
2026-02-05T18:55:22.508Z [console][error] Image with src "http://localhost:3000/vercel.svg" has either width or height modified, but not the other. If you use CSS to change the size of your image, also include the styles 'width: "auto"' or 'height: "auto"' to maintain the aspect ratio.
2026-02-05T18:57:57.562Z [console][warn] %cDownload the React DevTools for a better development experience: https://react.dev/link/react-devtools font-weight:bold
2026-02-05T18:57:57.583Z [console][error] Image with src "http://localhost:3000/vercel.svg" has either width or height modified, but not the other. If you use CSS to change the size of your image, also include the styles 'width: "auto"' or 'height: "auto"' to maintain the aspect ratio.
2026-02-05T18:57:59.670Z [console][warn] [Fast Refresh] rebuilding
2026-02-05T18:57:59.741Z [console][warn] [Fast Refresh] done in 176ms
2026-02-05T18:58:01.670Z [console][warn] [Fast Refresh] rebuilding
2026-02-05T18:54:02.883Z [console][warn] %cDownload the React DevTools for a better development experience: https://react.dev/link/react-devtools font-weight:bold
2026-02-05T18:54:02.962Z [console][warn] %cDownload the React DevTools for a better development experience: https://react.dev/link/react-devtools font-weight:bold
2026-02-05T18:54:02.987Z [console][error] Image with src "http://localhost:3000/vercel.svg" has either width or height modified, but not the other. If you use CSS to change the size of your image, also include the styles 'width: "auto"' or 'height: "auto"' to maintain the aspect ratio.
2026-02-05T18:54:34.182Z [console][warn] [Fast Refresh] rebuilding
2026-02-05T18:54:34.374Z [console][warn] [Fast Refresh] done in 274ms
2026-02-05T18:55:22.483Z [console][warn] %cDownload the React DevTools for a better development experience: https://react.dev/link/react-devtools font-weight:bold
2026-02-05T18:55:22.508Z [console][error] Image with src "http://localhost:3000/vercel.svg" has either width or height modified, but not the other. If you use CSS to change the size of your image, also include the styles 'width: "auto"' or 'height: "auto"' to maintain the aspect ratio.
2026-02-05T18:57:57.562Z [console][warn] %cDownload the React DevTools for a better development experience: https://react.dev/link/react-devtools font-weight:bold
2026-02-05T18:57:57.583Z [console][error] Image with src "http://localhost:3000/vercel.svg" has either width or height modified, but not the other. If you use CSS to change the size of your image, also include the styles 'width: "auto"' or 'height: "auto"' to maintain the aspect ratio.
2026-02-05T18:57:59.670Z [console][warn] [Fast Refresh] rebuilding
2026-02-05T18:57:59.741Z [console][warn] [Fast Refresh] done in 176ms
2026-02-05T18:58:01.670Z [console][warn] [Fast Refresh] rebuilding
2026-02-05T19:03:39.312Z [console][warn] [object Object]
2026-02-05T19:03:39.325Z [console][error] ./orchids-projects/image-sequence/src/i18n/request.ts:3:1
Module not found: Can't resolve '../../messages/en.json'
  1 | import { getRequestConfig } from "next-intl/server";
  2 | import { cookies, headers } from "next/headers";
> 3 | import en from "../../messages/en.json";
    | ^^^^^^^^^^^^^^^^^^^^^^^^^^^^^^^^^^^^^^^^
  4 | import ja from "../../messages/ja.json";
  5 |
  6 | export const locales = ["en", "ja"] as const;

Import trace:
  Server Component:
    ./orchids-projects/image-sequence/src/i18n/request.ts
    ./orchids-projects/image-sequence/node_modules/next-intl/dist/esm/development/server/react-server/getConfig.js
    ./orchids-projects/image-sequence/node_modules/next-intl/dist/esm/development/server/react-server/getLocale.js
    ./orchids-projects/image-sequence/src/app/layout.tsx

https://nextjs.org/docs/messages/module-not-found
2026-02-05T19:03:39.325Z [console][error] ./orchids-projects/image-sequence/src/i18n/request.ts:4:1
Module not found: Can't resolve '../../messages/ja.json'
  2 | import { cookies, headers } from "next/headers";
  3 | import en from "../../messages/en.json";
> 4 | import ja from "../../messages/ja.json";
    | ^^^^^^^^^^^^^^^^^^^^^^^^^^^^^^^^^^^^^^^^
  5 |
  6 | export const locales = ["en", "ja"] as const;
  7 | export type Locale = (typeof locales)[number];

Import trace:
  Server Component:
    ./orchids-projects/image-sequence/src/i18n/request.ts
    ./orchids-projects/image-sequence/node_modules/next-intl/dist/esm/development/server/react-server/getConfig.js
    ./orchids-projects/image-sequence/node_modules/next-intl/dist/esm/development/server/react-server/getLocale.js
    ./orchids-projects/image-sequence/src/app/layout.tsx

https://nextjs.org/docs/messages/module-not-found
2026-02-05T19:03:39.391Z [console][warn] [Fast Refresh] rebuilding
2026-02-05T19:03:48.990Z [console][warn] [Fast Refresh] rebuilding
2026-02-05T19:03:49.050Z [console][error] ./orchids-projects/image-sequence/src/i18n/request.ts:4:1
Module not found: Can't resolve '../../messages/ja.json'
  2 | import { cookies, headers } from "next/headers";
  3 | import en from "../../messages/en.json";
> 4 | import ja from "../../messages/ja.json";
    | ^^^^^^^^^^^^^^^^^^^^^^^^^^^^^^^^^^^^^^^^
  5 |
  6 | export const locales = ["en", "ja"] as const;
  7 | export type Locale = (typeof locales)[number];

Import trace:
  Server Component:
    ./orchids-projects/image-sequence/src/i18n/request.ts
    ./orchids-projects/image-sequence/node_modules/next-intl/dist/esm/development/server/react-server/getConfig.js
    ./orchids-projects/image-sequence/node_modules/next-intl/dist/esm/development/server/react-server/getLocale.js
    ./orchids-projects/image-sequence/src/app/layout.tsx

https://nextjs.org/docs/messages/module-not-found
2026-02-05T19:03:49.050Z [console][warn] [object Object]
2026-02-05T19:03:52.660Z [console][warn] %cDownload the React DevTools for a better development experience: https://react.dev/link/react-devtools font-weight:bold
2026-02-05T19:03:52.665Z [console][error] Uncaught Error: ./orchids-projects/image-sequence/src/i18n/request.ts:4:1
Module not found: Can't resolve '../../messages/ja.json'
  2 | import { cookies, headers } from "next/headers";
  3 | import en from "../../messages/en.json";
> 4 | import ja from "../../messages/ja.json";
    | ^^^^^^^^^^^^^^^^^^^^^^^^^^^^^^^^^^^^^^^^
  5 |
  6 | export const locales = ["en", "ja"] as const;
  7 | export type Locale = (typeof locales)[number];



Import trace:
  Server Component:
    ./orchids-projects/image-sequence/src/i18n/request.ts
    ./orchids-projects/image-sequence/node_modules/next-intl/dist/esm/development/server/react-server/getConfig.js
    ./orchids-projects/image-sequence/node_modules/next-intl/dist/esm/development/server/react-server/getLocale.js
    ./orchids-projects/image-sequence/src/app/layout.tsx

https://nextjs.org/docs/messages/module-not-found


2026-02-05T19:03:52.667Z [console][warn] [HMR] connected
2026-02-05T19:03:52.668Z [console][error] ./orchids-projects/image-sequence/src/i18n/request.ts:4:1
Module not found: Can't resolve '../../messages/ja.json'
  2 | import { cookies, headers } from "next/headers";
  3 | import en from "../../messages/en.json";
> 4 | import ja from "../../messages/ja.json";
    | ^^^^^^^^^^^^^^^^^^^^^^^^^^^^^^^^^^^^^^^^
  5 |
  6 | export const locales = ["en", "ja"] as const;
  7 | export type Locale = (typeof locales)[number];

Import trace:
  Server Component:
    ./orchids-projects/image-sequence/src/i18n/request.ts
    ./orchids-projects/image-sequence/node_modules/next-intl/dist/esm/development/server/react-server/getConfig.js
    ./orchids-projects/image-sequence/node_modules/next-intl/dist/esm/development/server/react-server/getLocale.js
    ./orchids-projects/image-sequence/src/app/layout.tsx

https://nextjs.org/docs/messages/module-not-found
2026-02-05T19:03:52.678Z [console][warn] [object Object]
2026-02-05T19:03:52.702Z [console][error] ./orchids-projects/image-sequence/src/i18n/request.ts:4:1
Module not found: Can't resolve '../../messages/ja.json'
  2 | import { cookies, headers } from "next/headers";
  3 | import en from "../../messages/en.json";
> 4 | import ja from "../../messages/ja.json";
    | ^^^^^^^^^^^^^^^^^^^^^^^^^^^^^^^^^^^^^^^^
  5 |
  6 | export const locales = ["en", "ja"] as const;
  7 | export type Locale = (typeof locales)[number];

Import trace:
  Server Component:
    ./orchids-projects/image-sequence/src/i18n/request.ts
    ./orchids-projects/image-sequence/node_modules/next-intl/dist/esm/development/server/react-server/getConfig.js
    ./orchids-projects/image-sequence/node_modules/next-intl/dist/esm/development/server/react-server/getLocale.js
    ./orchids-projects/image-sequence/src/app/layout.tsx

https://nextjs.org/docs/messages/module-not-found
2026-02-05T19:03:52.769Z [console][warn] [Fast Refresh] rebuilding
2026-02-05T19:04:01.947Z [console][warn] [Fast Refresh] rebuilding
2026-02-05T19:04:01.997Z [console][warn] [Fast Refresh] done in 119ms
2026-02-05T19:04:35.173Z [console][warn] [HMR] connected
2026-02-05T19:04:40.955Z [console][warn] %cDownload the React DevTools for a better development experience: https://react.dev/link/react-devtools font-weight:bold
2026-02-05T19:04:41.026Z [console][error] A tree hydrated but some attributes of the server rendered HTML didn't match the client properties. This won't be patched up. This can happen if a SSR-ed Client Component used:

- A server/client branch `if (typeof window !== 'undefined')`.
- Variable input such as `Date.now()` or `Math.random()` which changes each time it's called.
- Date formatting in a user's locale which doesn't match the server.
- External changing data without sending a snapshot of it along with the HTML.
- Invalid HTML tag nesting.

It can also happen if the client has a browser extension installed which messes with the HTML before React loaded.

%s%s https://react.dev/link/hydration-mismatch 

  ...
    <RenderFromTemplateContext>
      <ScrollAndFocusHandler segmentPath={[...]}>
        <InnerScrollAndFocusHandler segmentPath={[...]} focusAndScrollRef={{apply:false, ...}}>
          <ErrorBoundary errorComponent={undefined} errorStyles={undefined} errorScripts={undefined}>
            <LoadingBoundary loading={null}>
              <HTTPAccessFallbackBoundary notFound={<SegmentViewNode>} forbidden={undefined} unauthorized={undefined}>
                <HTTPAccessFallbackErrorBoundary pathname="/" notFound={<SegmentViewNode>} forbidden={undefined} ...>
                  <RedirectBoundary>
                    <RedirectErrorBoundary router={{...}}>
                      <InnerLayoutRouter url="/" tree={[...]} cacheNode={{lazyData:null, ...}} segmentPath={[...]}>
                        <SegmentViewNode type="page" pagePath="/orchids-p...">
                          <SegmentTrieNode>
                          <Home>
                            <MainApp data-orchids-id="src/app/pa..." data-orchids-name="MainApp" locale="ja">
                              <div data-orchids-id="src/compon..." data-orchids-name="div" className="min-h-scre...">
                                ...
                                  <div data-orchids-id="src/compon..." data-orchids-name="div" className="flex items...">
                                    ...
                                      <Primitive.button.Slot type="button" id="radix-_R_3..." aria-haspopup="menu" ...>
                                        <Primitive.button.SlotClone type="button" id="radix-_R_3..." aria-haspopup="menu" ...>
                                          <Button data-orchids-id="src/compon..." data-orchids-name="Button" ...>
                                            <button
                                              data-orchids-id="src/components/locale-switcher.tsx:28:8"
                                              data-orchids-name="Button"
                                              data-slot="dropdown-menu-trigger"
                                              className={"inline-flex items-center justify-center gap-2 whitespace-no..."}
                                              disabled={false}
                                              type="button"
                                              id="radix-_R_36atplb_"
                                              aria-haspopup="menu"
                                              aria-expanded={false}
                                              aria-controls={undefined}
                                              data-state="closed"
                                              data-disabled={undefined}
                                              onPointerDown={function handleEvent}
                                              onKeyDown={function handleEvent}
                                              ref={function}
-                                             data-orchid-ref="ref-gani064asn"
                                            >
                                              <Languages data-orchids-id="src/compon..." data-orchids-name="Languages" ...>
                                                <svg
                                                  ref={null}
                                             ... [truncated]
2026-02-05T19:04:41.026Z [console][error] A tree hydrated but some attributes of the server rendered HTML didn't match the client properties. This won't be patched up. This can happen if a SSR-ed Client Component used:

- A server/client branch `if (typeof window !== 'undefined')`.
- Variable input such as `Date.now()` or `Math.random()` which changes each time it's called.
- Date formatting in a user's locale which doesn't match the server.
- External changing data without sending a snapshot of it along with the HTML.
- Invalid HTML tag nesting.

It can also happen if the client has a browser extension installed which messes with the HTML before React loaded.

%s%s https://react.dev/link/hydration-mismatch 

  ...
    <RenderFromTemplateContext>
      <ScrollAndFocusHandler segmentPath={[...]}>
        <InnerScrollAndFocusHandler segmentPath={[...]} focusAndScrollRef={{apply:false, ...}}>
          <ErrorBoundary errorComponent={undefined} errorStyles={undefined} errorScripts={undefined}>
            <LoadingBoundary loading={null}>
              <HTTPAccessFallbackBoundary notFound={<SegmentViewNode>} forbidden={undefined} unauthorized={undefined}>
                <HTTPAccessFallbackErrorBoundary pathname="/" notFound={<SegmentViewNode>} forbidden={undefined} ...>
                  <RedirectBoundary>
                    <RedirectErrorBoundary router={{...}}>
                      <InnerLayoutRouter url="/" tree={[...]} cacheNode={{lazyData:null, ...}} segmentPath={[...]}>
                        <SegmentViewNode type="page" pagePath="/orchids-p...">
                          <SegmentTrieNode>
                          <Home>
                            <MainApp data-orchids-id="src/app/pa..." data-orchids-name="MainApp" locale="ja">
                              <div data-orchids-id="src/compon..." data-orchids-name="div" className="min-h-scre...">
                                ...
                                  <div data-orchids-id="src/compon..." data-orchids-name="div" className="flex items...">
 ...
2026-02-05T19:04:41.115Z [network][POST 200] /__nextjs_original-stack-frames
  request: {"frames":[{"file":"https://react.dev/link/hydration-mismatch","line1":null,"column1":null,"methodName":"<unknown>","arguments":[]},{"file":"fileInputRef\"","line1":null,"column1":null,"methodName":"data-orchids-id=\"src/components/image-uploader.tsx:102:10","arguments":[]},{"file":"file:///Users/s12910183/orchids-projects/image-sequence/.next/static/chunks/52f6e_next_dist_c5b5a1db._.js","line1":1605,"column1":71,"methodName":"createConsoleError","arguments":[]},{"file":"file:///Users/s12910183/orchids-projects/image-sequence/.next/static/chunks/52f6e_next_dist_c5b5a1db._.js","line1":2203,"column1":54,"methodName":"handleConsoleError","arguments":[]},{"file":"file:///Users/s12910183/orchids-projects/image-sequence/.next/static/chunks/52f6e_next_dist_c5b5a1db._.js","line1":2354,"column1":57,"methodName":"console.error","arguments":[]},{"file":"<anonymous>","line1":86,"column1":44,"methodName":"console.error","arguments":[]},{"file":"file:///Users/s12910183/orchids-projects/image-sequence/.next/static/chunks/52f6e_next_dist_compiled_react-dom_93a82347._.js","line1":3013,"column1":25,"methodName":"<unknown>","arguments":[]},{"file":"file:///Users/s12910183/orchids-projects/image-sequence/.next/static/chunks/52f6e_next_dist_compiled_react-dom_93a82347._.js","line1":886,"column1":74,"methodName":"runWithFiberInDEV","arguments":[]},{"file":"file:///Users/s12910183/orchids-projects/image-sequence/.next/static/chunks/52f6e_next_dist_compiled_react-dom_93a82347._.js","line1":3012,"column1":13,"methodName":"emitPendingHydrationWarnings","arguments":[]},{"file":"file:///Users/s12910183/orchids-projects/image-sequence/.next/static/chunks/52f6e_next_dist_compiled_react-dom_93a82347._.js","line1":6296,"column1":102,"methodName":"completeWork","arguments":[]},{"file":"file:///Users/s12910183/orchids-projects/image-sequence/.next/static/chunks/52f6e_next_dist_compiled_react-dom_93a82347._.js","line1":886,"column1":131,"methodName":"runWithFiberInDEV","arguments":[]},{"file":"file:/... [truncated]
  response: [{"status":"rejected","reason":"[Error: Unknown url scheme 'https'\n\nDebug info:\n- Execution of TaskId { id: 2147483670 } transient failed\n- Execution of project_trace_source_operation failed\n- Execution of *SourceMap::new_from_rope_cached failed\n- Execution of get_source_map_rope failed\n- Unknown url scheme 'https'] {\n  code: 'GenericFailure'\n}"},{"status":"fulfilled","value":{"originalStackFrame":{"arguments":[],"file":"fileInputRef\"","line1":null,"column1":null,"ignored":false,"methodName":"data-orchids-id=\"src/components/image-uploader.tsx:102:10"},"originalCodeFrame":null}},{"status":"fulfilled","value":{"originalStackFrame":{"arguments":[],"file":"node_modules/next/src/next-devtools/shared/console-error.ts","line1":16,"column1":35,"ignored":true,"methodName":"createConsoleError"},"originalCodeFrame":null}},{"status":"fulfilled","value":{"originalStackFrame":{"arguments":[],"file":"node_modules/next/src/next-devtools/userspace/app/errors/use-error-handler.ts","line1":35,"column1":31,"ignored":true,"methodName":"handleConsoleError"},"originalCodeFrame":null}},{"status":"fulfilled","value":{"originalStackFrame":{"arguments":[],"file":"node_modules/next/src/next-devtools/userspace/app/errors/intercept-console-error.ts","line1":33,"column1":27,"ignored":true,"methodName":"console.error"},"originalCodeFrame":null}},{"status":"fulfilled","value":{"originalStackFrame":{"arguments":[],"file":"<anonymous>","line1":86,"column1":44,"ignored":false,"methodName":"console.error"},"originalCodeFrame":null}},{"status":"fulfilled","value":{"originalStackFrame":{"arguments":[],"file":"node_modules/next/dist/compiled/react-dom/cjs/react-dom-client.development.js","line1":4706,"column1":19,"ignored":true,"methodName":"<unknown>"},"originalCodeFrame":null}},{"status":"fulfilled","value":{"originalStackFrame":{"arguments":[],"file":"node_modules/next/dist/compiled/react-dom/cjs/react-dom-client.development.js","line1":871,"column1":30,"ignored":true,"methodName":"runWithFi... [truncated]
2026-02-05T19:05:06.270Z [console][error] ./orchids-projects/image-sequence/src/i18n/request.ts:3:1
Module not found: Can't resolve '../../messages/en.json'
  1 | import { getRequestConfig } from "next-intl/server";
  2 | import { cookies, headers } from "next/headers";
> 3 | import en from "../../messages/en.json";
    | ^^^^^^^^^^^^^^^^^^^^^^^^^^^^^^^^^^^^^^^^
  4 | import ja from "../../messages/ja.json";
  5 |
  6 | export const locales = ["en", "ja"] as const;

Import trace:
  Server Component:
    ./orchids-projects/image-sequence/src/i18n/request.ts
    ./orchids-projects/image-sequence/node_modules/next-intl/dist/esm/development/server/react-server/getConfig.js
    ./orchids-projects/image-sequence/node_modules/next-intl/dist/esm/development/server/react-server/getLocale.js
    ./orchids-projects/image-sequence/src/app/layout.tsx

https://nextjs.org/docs/messages/module-not-found
2026-02-05T19:05:06.270Z [console][error] ./orchids-projects/image-sequence/src/i18n/request.ts:4:1
Module not found: Can't resolve '../../messages/ja.json'
  2 | import { cookies, headers } from "next/headers";
  3 | import en from "../../messages/en.json";
> 4 | import ja from "../../messages/ja.json";
    | ^^^^^^^^^^^^^^^^^^^^^^^^^^^^^^^^^^^^^^^^
  5 |
  6 | export const locales = ["en", "ja"] as const;
  7 | export type Locale = (typeof locales)[number];

Import trace:
  Server Component:
    ./orchids-projects/image-sequence/src/i18n/request.ts
    ./orchids-projects/image-sequence/node_modules/next-intl/dist/esm/development/server/react-server/getConfig.js
    ./orchids-projects/image-sequence/node_modules/next-intl/dist/esm/development/server/react-server/getLocale.js
    ./orchids-projects/image-sequence/src/app/layout.tsx

https://nextjs.org/docs/messages/module-not-found
2026-02-05T19:05:06.314Z [console][error] ./orchids-projects/image-sequence/src/i18n/request.ts:3:1
Module not found: Can't resolve '../../messages/en.json'
  1 | import { getRequestConfig } from "next-intl/server";
  2 | import { cookies, headers } from "next/headers";
> 3 | import en from "../../messages/en.json";
    | ^^^^^^^^^^^^^^^^^^^^^^^^^^^^^^^^^^^^^^^^
  4 | import ja from "../../messages/ja.json";
  5 |
  6 | export const locales = ["en", "ja"] as const;

Import trace:
  Server Component:
    ./orchids-projects/image-sequence/src/i18n/request.ts
    ./orchids-projects/image-sequence/node_modules/next-intl/dist/esm/development/server/react-server/getConfig.js
    ./orchids-projects/image-sequence/node_modules/next-intl/dist/esm/development/server/react-server/getLocale.js
    ./orchids-projects/image-sequence/src/app/layout.tsx

https://nextjs.org/docs/messages/module-not-found
2026-02-05T19:05:06.314Z [console][error] ./orchids-projects/image-sequence/src/i18n/request.ts:4:1
Module not found: Can't resolve '../../messages/ja.json'
  2 | import { cookies, headers } from "next/headers";
  3 | import en from "../../messages/en.json";
> 4 | import ja from "../../messages/ja.json";
    | ^^^^^^^^^^^^^^^^^^^^^^^^^^^^^^^^^^^^^^^^
  5 |
  6 | export const locales = ["en", "ja"] as const;
  7 | export type Locale = (typeof locales)[number];

Import trace:
  Server Component:
    ./orchids-projects/image-sequence/src/i18n/request.ts
    ./orchids-projects/image-sequence/node_modules/next-intl/dist/esm/development/server/react-server/getConfig.js
    ./orchids-projects/image-sequence/node_modules/next-intl/dist/esm/development/server/react-server/getLocale.js
    ./orchids-projects/image-sequence/src/app/layout.tsx

https://nextjs.org/docs/messages/module-not-found
2026-02-05T19:05:06.675Z [console][warn] [Fast Refresh] rebuilding
2026-02-05T19:05:11.862Z [console][warn] [Fast Refresh] rebuilding
2026-02-05T19:05:11.867Z [console][warn] [Fast Refresh] done in 243ms
2026-02-05T19:05:06.674Z [console][log] [Fast Refresh] rebuilding
2026-02-05T19:05:11.862Z [console][log] [Fast Refresh] rebuilding
2026-02-05T19:05:11.865Z [console][log] [Fast Refresh] done in 243ms
2026-02-05T19:05:06.255Z [console][warn] %cDownload the React DevTools for a better development experience: https://react.dev/link/react-devtools font-weight:bold
2026-02-05T19:05:06.262Z [console][error] Uncaught Error: ./orchids-projects/image-sequence/src/i18n/request.ts:3:1
Module not found: Can't resolve '../../messages/en.json'
  1 | import { getRequestConfig } from "next-intl/server";
  2 | import { cookies, headers } from "next/headers";
> 3 | import en from "../../messages/en.json";
    | ^^^^^^^^^^^^^^^^^^^^^^^^^^^^^^^^^^^^^^^^
  4 | import ja from "../../messages/ja.json";
  5 |
  6 | export const locales = ["en", "ja"] as const;



Import trace:
  Server Component:
    ./orchids-projects/image-sequence/src/i18n/request.ts
    ./orchids-projects/image-sequence/node_modules/next-intl/dist/esm/development/server/react-server/getConfig.js
    ./orchids-projects/image-sequence/node_modules/next-intl/dist/esm/development/server/react-server/getLocale.js
    ./orchids-projects/image-sequence/src/app/layout.tsx

https://nextjs.org/docs/messages/module-not-found


2026-02-05T19:05:06.268Z [console][warn] [HMR] connected
2026-02-05T19:05:06.270Z [console][error] ./orchids-projects/image-sequence/src/i18n/request.ts:3:1
Module not found: Can't resolve '../../messages/en.json'
  1 | import { getRequestConfig } from "next-intl/server";
  2 | import { cookies, headers } from "next/headers";
> 3 | import en from "../../messages/en.json";
    | ^^^^^^^^^^^^^^^^^^^^^^^^^^^^^^^^^^^^^^^^
  4 | import ja from "../../messages/ja.json";
  5 |
  6 | export const locales = ["en", "ja"] as const;

Import trace:
  Server Component:
    ./orchids-projects/image-sequence/src/i18n/request.ts
    ./orchids-projects/image-sequence/node_modules/next-intl/dist/esm/development/server/react-server/getConfig.js
    ./orchids-projects/image-sequence/node_modules/next-intl/dist/esm/development/server/react-server/getLocale.js
    ./orchids-projects/image-sequence/src/app/layout.tsx

https://nextjs.org/docs/messages/module-not-found
2026-02-05T19:05:06.270Z [console][error] ./orchids-projects/image-sequence/src/i18n/request.ts:4:1
Module not found: Can't resolve '../../messages/ja.json'
  2 | import { cookies, headers } from "next/headers";
  3 | import en from "../../messages/en.json";
> 4 | import ja from "../../messages/ja.json";
    | ^^^^^^^^^^^^^^^^^^^^^^^^^^^^^^^^^^^^^^^^
  5 |
  6 | export const locales = ["en", "ja"] as const;
  7 | export type Locale = (typeof locales)[number];

Import trace:
  Server Component:
    ./orchids-projects/image-sequence/src/i18n/request.ts
    ./orchids-projects/image-sequence/node_modules/next-intl/dist/esm/development/server/react-server/getConfig.js
    ./orchids-projects/image-sequence/node_modules/next-intl/dist/esm/development/server/react-server/getLocale.js
    ./orchids-projects/image-sequence/src/app/layout.tsx

https://nextjs.org/docs/messages/module-not-found
2026-02-05T19:05:06.314Z [console][error] ./orchids-projects/image-sequence/src/i18n/request.ts:3:1
Module not found: Can't resolve '../../messages/en.json'
  1 | import { getRequestConfig } from "next-intl/server";
  2 | import { cookies, headers } from "next/headers";
> 3 | import en from "../../messages/en.json";
    | ^^^^^^^^^^^^^^^^^^^^^^^^^^^^^^^^^^^^^^^^
  4 | import ja from "../../messages/ja.json";
  5 |
  6 | export const locales = ["en", "ja"] as const;

Import trace:
  Server Component:
    ./orchids-projects/image-sequence/src/i18n/request.ts
    ./orchids-projects/image-sequence/node_modules/next-intl/dist/esm/development/server/react-server/getConfig.js
    ./orchids-projects/image-sequence/node_modules/next-intl/dist/esm/development/server/react-server/getLocale.js
    ./orchids-projects/image-sequence/src/app/layout.tsx

https://nextjs.org/docs/messages/module-not-found
2026-02-05T19:05:06.314Z [console][error] ./orchids-projects/image-sequence/src/i18n/request.ts:4:1
Module not found: Can't resolve '../../messages/ja.json'
  2 | import { cookies, headers } from "next/headers";
  3 | import en from "../../messages/en.json";
> 4 | import ja from "../../messages/ja.json";
    | ^^^^^^^^^^^^^^^^^^^^^^^^^^^^^^^^^^^^^^^^
  5 |
  6 | export const locales = ["en", "ja"] as const;
  7 | export type Locale = (typeof locales)[number];

Import trace:
  Server Component:
    ./orchids-projects/image-sequence/src/i18n/request.ts
    ./orchids-projects/image-sequence/node_modules/next-intl/dist/esm/development/server/react-server/getConfig.js
    ./orchids-projects/image-sequence/node_modules/next-intl/dist/esm/development/server/react-server/getLocale.js
    ./orchids-projects/image-sequence/src/app/layout.tsx

https://nextjs.org/docs/messages/module-not-found
2026-02-05T19:05:06.675Z [console][warn] [Fast Refresh] rebuilding
2026-02-05T19:05:11.862Z [console][warn] [Fast Refresh] rebuilding
2026-02-05T19:05:11.867Z [console][warn] [Fast Refresh] done in 243ms
2026-02-05T19:05:41.401Z [console][warn] [HMR] connected
2026-02-05T19:05:06.674Z [console][log] [Fast Refresh] rebuilding
2026-02-05T19:05:11.862Z [console][log] [Fast Refresh] rebuilding
2026-02-05T19:05:11.865Z [console][log] [Fast Refresh] done in 243ms
2026-02-05T19:05:41.401Z [console][log] [HMR] connected
2026-02-05T19:05:06.314Z [console][error] ./orchids-projects/image-sequence/src/i18n/request.ts:3:1
Module not found: Can't resolve '../../messages/en.json'
  1 | import { getRequestConfig } from "next-intl/server";
  2 | import { cookies, headers } from "next/headers";
> 3 | import en from "../../messages/en.json";
    | ^^^^^^^^^^^^^^^^^^^^^^^^^^^^^^^^^^^^^^^^
  4 | import ja from "../../messages/ja.json";
  5 |
  6 | export const locales = ["en", "ja"] as const;

Import trace:
  Server Component:
    ./orchids-projects/image-sequence/src/i18n/request.ts
    ./orchids-projects/image-sequence/node_modules/next-intl/dist/esm/development/server/react-server/getConfig.js
    ./orchids-projects/image-sequence/node_modules/next-intl/dist/esm/development/server/react-server/getLocale.js
    ./orchids-projects/image-sequence/src/app/layout.tsx

https://nextjs.org/docs/messages/module-not-found
2026-02-05T19:05:06.314Z [console][error] ./orchids-projects/image-sequence/src/i18n/request.ts:4:1
Module not found: Can't resolve '../../messages/ja.json'
  2 | import { cookies, headers } from "next/headers";
  3 | import en from "../../messages/en.json";
> 4 | import ja from "../../messages/ja.json";
    | ^^^^^^^^^^^^^^^^^^^^^^^^^^^^^^^^^^^^^^^^
  5 |
  6 | export const locales = ["en", "ja"] as const;
  7 | export type Locale = (typeof locales)[number];

Import trace:
  Server Component:
    ./orchids-projects/image-sequence/src/i18n/request.ts
    ./orchids-projects/image-sequence/node_modules/next-intl/dist/esm/development/server/react-server/getConfig.js
    ./orchids-projects/image-sequence/node_modules/next-intl/dist/esm/development/server/react-server/getLocale.js
    ./orchids-projects/image-sequence/src/app/layout.tsx

https://nextjs.org/docs/messages/module-not-found
2026-02-05T19:05:06.675Z [console][warn] [Fast Refresh] rebuilding
2026-02-05T19:05:11.862Z [console][warn] [Fast Refresh] rebuilding
2026-02-05T19:05:11.867Z [console][warn] [Fast Refresh] done in 243ms
2026-02-05T19:05:41.401Z [console][warn] [HMR] connected
2026-02-05T19:05:06.674Z [console][log] [Fast Refresh] rebuilding
2026-02-05T19:05:11.862Z [console][log] [Fast Refresh] rebuilding
2026-02-05T19:05:11.865Z [console][log] [Fast Refresh] done in 243ms
2026-02-05T19:05:41.401Z [console][log] [HMR] connected
2026-02-05T19:03:21.777Z [console][error] ./orchids-projects/image-sequence/src/i18n/request.ts:4:1
Module not found: Can't resolve '../../messages/ja.json'
  2 | import { cookies, headers } from "next/headers";
  3 | import en from "../../messages/en.json";
> 4 | import ja from "../../messages/ja.json";
    | ^^^^^^^^^^^^^^^^^^^^^^^^^^^^^^^^^^^^^^^^
  5 |
  6 | export const locales = ["en", "ja"] as const;
  7 | export type Locale = (typeof locales)[number];

Import trace:
  Server Component:
    ./orchids-projects/image-sequence/src/i18n/request.ts
    ./orchids-projects/image-sequence/node_modules/next-intl/dist/esm/development/server/react-server/getConfig.js
    ./orchids-projects/image-sequence/node_modules/next-intl/dist/esm/development/server/react-server/getLocale.js
    ./orchids-projects/image-sequence/src/app/layout.tsx

https://nextjs.org/docs/messages/module-not-found
2026-02-05T19:03:35.617Z [console][error] ./orchids-projects/image-sequence/src/i18n/request.ts:3:1
Module not found: Can't resolve '../../messages/en.json'
  1 | import { getRequestConfig } from "next-intl/server";
  2 | import { cookies, headers } from "next/headers";
> 3 | import en from "../../messages/en.json";
    | ^^^^^^^^^^^^^^^^^^^^^^^^^^^^^^^^^^^^^^^^
  4 | import ja from "../../messages/ja.json";
  5 |
  6 | export const locales = ["en", "ja"] as const;

Import trace:
  Server Component:
    ./orchids-projects/image-sequence/src/i18n/request.ts
    ./orchids-projects/image-sequence/node_modules/next-intl/dist/esm/development/server/react-server/getConfig.js
    ./orchids-projects/image-sequence/node_modules/next-intl/dist/esm/development/server/react-server/getLocale.js
    ./orchids-projects/image-sequence/src/app/layout.tsx

https://nextjs.org/docs/messages/module-not-found
2026-02-05T19:03:35.617Z [console][error] ./orchids-projects/image-sequence/src/i18n/request.ts:4:1
Module not found: Can't resolve '../../messages/ja.json'
  2 | import { cookies, headers } from "next/headers";
  3 | import en from "../../messages/en.json";
> 4 | import ja from "../../messages/ja.json";
    | ^^^^^^^^^^^^^^^^^^^^^^^^^^^^^^^^^^^^^^^^
  5 |
  6 | export const locales = ["en", "ja"] as const;
  7 | export type Locale = (typeof locales)[number];

Import trace:
  Server Component:
    ./orchids-projects/image-sequence/src/i18n/request.ts
    ./orchids-projects/image-sequence/node_modules/next-intl/dist/esm/development/server/react-server/getConfig.js
    ./orchids-projects/image-sequence/node_modules/next-intl/dist/esm/development/server/react-server/getLocale.js
    ./orchids-projects/image-sequence/src/app/layout.tsx

https://nextjs.org/docs/messages/module-not-found
2026-02-05T19:03:39.286Z [console][error] Uncaught Error: ./orchids-projects/image-sequence/src/i18n/request.ts:3:1
Module not found: Can't resolve '../../messages/en.json'
  1 | import { getRequestConfig } from "next-intl/server";
  2 | import { cookies, headers } from "next/headers";
> 3 | import en from "../../messages/en.json";
    | ^^^^^^^^^^^^^^^^^^^^^^^^^^^^^^^^^^^^^^^^
  4 | import ja from "../../messages/ja.json";
  5 |
  6 | export const locales = ["en", "ja"] as const;



Import trace:
  Server Component:
    ./orchids-projects/image-sequence/src/i18n/request.ts
    ./orchids-projects/image-sequence/node_modules/next-intl/dist/esm/development/server/react-server/getConfig.js
    ./orchids-projects/image-sequence/node_modules/next-intl/dist/esm/development/server/react-server/getLocale.js
    ./orchids-projects/image-sequence/src/app/layout.tsx

https://nextjs.org/docs/messages/module-not-found


2026-02-05T19:03:39.291Z [console][error] ./orchids-projects/image-sequence/src/i18n/request.ts:3:1
Module not found: Can't resolve '../../messages/en.json'
  1 | import { getRequestConfig } from "next-intl/server";
  2 | import { cookies, headers } from "next/headers";
> 3 | import en from "../../messages/en.json";
    | ^^^^^^^^^^^^^^^^^^^^^^^^^^^^^^^^^^^^^^^^
  4 | import ja from "../../messages/ja.json";
  5 |
  6 | export const locales = ["en", "ja"] as const;

Import trace:
  Server Component:
    ./orchids-projects/image-sequence/src/i18n/request.ts
    ./orchids-projects/image-sequence/node_modules/next-intl/dist/esm/development/server/react-server/getConfig.js
    ./orchids-projects/image-sequence/node_modules/next-intl/dist/esm/development/server/react-server/getLocale.js
    ./orchids-projects/image-sequence/src/app/layout.tsx

https://nextjs.org/docs/messages/module-not-found
2026-02-05T19:03:39.291Z [console][error] ./orchids-projects/image-sequence/src/i18n/request.ts:4:1
Module not found: Can't resolve '../../messages/ja.json'
  2 | import { cookies, headers } from "next/headers";
  3 | import en from "../../messages/en.json";
> 4 | import ja from "../../messages/ja.json";
    | ^^^^^^^^^^^^^^^^^^^^^^^^^^^^^^^^^^^^^^^^
  5 |
  6 | export const locales = ["en", "ja"] as const;
  7 | export type Locale = (typeof locales)[number];

Import trace:
  Server Component:
    ./orchids-projects/image-sequence/src/i18n/request.ts
    ./orchids-projects/image-sequence/node_modules/next-intl/dist/esm/development/server/react-server/getConfig.js
    ./orchids-projects/image-sequence/node_modules/next-intl/dist/esm/development/server/react-server/getLocale.js
    ./orchids-projects/image-sequence/src/app/layout.tsx

https://nextjs.org/docs/messages/module-not-found
2026-02-05T19:03:39.325Z [console][error] ./orchids-projects/image-sequence/src/i18n/request.ts:3:1
Module not found: Can't resolve '../../messages/en.json'
  1 | import { getRequestConfig } from "next-intl/server";
  2 | import { cookies, headers } from "next/headers";
> 3 | import en from "../../messages/en.json";
    | ^^^^^^^^^^^^^^^^^^^^^^^^^^^^^^^^^^^^^^^^
  4 | import ja from "../../messages/ja.json";
  5 |
  6 | export const locales = ["en", "ja"] as const;

Import trace:
  Server Component:
    ./orchids-projects/image-sequence/src/i18n/request.ts
    ./orchids-projects/image-sequence/node_modules/next-intl/dist/esm/development/server/react-server/getConfig.js
    ./orchids-projects/image-sequence/node_modules/next-intl/dist/esm/development/server/react-server/getLocale.js
    ./orchids-projects/image-sequence/src/app/layout.tsx

https://nextjs.org/docs/messages/module-not-found
2026-02-05T19:03:39.325Z [console][error] ./orchids-projects/image-sequence/src/i18n/request.ts:4:1
Module not found: Can't resolve '../../messages/ja.json'
  2 | import { cookies, headers } from "next/headers";
  3 | import en from "../../messages/en.json";
> 4 | import ja from "../../messages/ja.json";
    | ^^^^^^^^^^^^^^^^^^^^^^^^^^^^^^^^^^^^^^^^
  5 |
  6 | export const locales = ["en", "ja"] as const;
  7 | export type Locale = (typeof locales)[number];

Import trace:
  Server Component:
    ./orchids-projects/image-sequence/src/i18n/request.ts
    ./orchids-projects/image-sequence/node_modules/next-intl/dist/esm/development/server/react-server/getConfig.js
    ./orchids-projects/image-sequence/node_modules/next-intl/dist/esm/development/server/react-server/getLocale.js
    ./orchids-projects/image-sequence/src/app/layout.tsx

https://nextjs.org/docs/messages/module-not-found
2026-02-05T19:03:49.050Z [console][error] ./orchids-projects/image-sequence/src/i18n/request.ts:4:1
Module not found: Can't resolve '../../messages/ja.json'
  2 | import { cookies, headers } from "next/headers";
  3 | import en from "../../messages/en.json";
> 4 | import ja from "../../messages/ja.json";
    | ^^^^^^^^^^^^^^^^^^^^^^^^^^^^^^^^^^^^^^^^
  5 |
  6 | export const locales = ["en", "ja"] as const;
  7 | export type Locale = (typeof locales)[number];

Import trace:
  Server Component:
    ./orchids-projects/image-sequence/src/i18n/request.ts
    ./orchids-projects/image-sequence/node_modules/next-intl/dist/esm/development/server/react-server/getConfig.js
    ./orchids-projects/image-sequence/node_modules/next-intl/dist/esm/development/server/react-server/getLocale.js
    ./orchids-projects/image-sequence/src/app/layout.tsx

https://nextjs.org/docs/messages/module-not-found
2026-02-05T19:03:52.665Z [console][error] Uncaught Error: ./orchids-projects/image-sequence/src/i18n/request.ts:4:1
Module not found: Can't resolve '../../messages/ja.json'
  2 | import { cookies, headers } from "next/headers";
  3 | import en from "../../messages/en.json";
> 4 | import ja from "../../messages/ja.json";
    | ^^^^^^^^^^^^^^^^^^^^^^^^^^^^^^^^^^^^^^^^
  5 |
  6 | export const locales = ["en", "ja"] as const;
  7 | export type Locale = (typeof locales)[number];



Import trace:
  Server Component:
    ./orchids-projects/image-sequence/src/i18n/request.ts
    ./orchids-projects/image-sequence/node_modules/next-intl/dist/esm/development/server/react-server/getConfig.js
    ./orchids-projects/image-sequence/node_modules/next-intl/dist/esm/development/server/react-server/getLocale.js
    ./orchids-projects/image-sequence/src/app/layout.tsx

https://nextjs.org/docs/messages/module-not-found


2026-02-05T19:03:52.668Z [console][error] ./orchids-projects/image-sequence/src/i18n/request.ts:4:1
Module not found: Can't resolve '../../messages/ja.json'
  2 | import { cookies, headers } from "next/headers";
  3 | import en from "../../messages/en.json";
> 4 | import ja from "../../messages/ja.json";
    | ^^^^^^^^^^^^^^^^^^^^^^^^^^^^^^^^^^^^^^^^
  5 |
  6 | export const locales = ["en", "ja"] as const;
  7 | export type Locale = (typeof locales)[number];

Import trace:
  Server Component:
    ./orchids-projects/image-sequence/src/i18n/request.ts
    ./orchids-projects/image-sequence/node_modules/next-intl/dist/esm/development/server/react-server/getConfig.js
    ./orchids-projects/image-sequence/node_modules/next-intl/dist/esm/development/server/react-server/getLocale.js
    ./orchids-projects/image-sequence/src/app/layout.tsx

https://nextjs.org/docs/messages/module-not-found
2026-02-05T19:03:52.702Z [console][error] ./orchids-projects/image-sequence/src/i18n/request.ts:4:1
Module not found: Can't resolve '../../messages/ja.json'
  2 | import { cookies, headers } from "next/headers";
  3 | import en from "../../messages/en.json";
> 4 | import ja from "../../messages/ja.json";
    | ^^^^^^^^^^^^^^^^^^^^^^^^^^^^^^^^^^^^^^^^
  5 |
  6 | export const locales = ["en", "ja"] as const;
  7 | export type Locale = (typeof locales)[number];

Import trace:
  Server Component:
    ./orchids-projects/image-sequence/src/i18n/request.ts
    ./orchids-projects/image-sequence/node_modules/next-intl/dist/esm/development/server/react-server/getConfig.js
    ./orchids-projects/image-sequence/node_modules/next-intl/dist/esm/development/server/react-server/getLocale.js
    ./orchids-projects/image-sequence/src/app/layout.tsx

https://nextjs.org/docs/messages/module-not-found
2026-02-05T19:04:41.026Z [console][error] A tree hydrated but some attributes of the server rendered HTML didn't match the client properties. This won't be patched up. This can happen if a SSR-ed Client Component used:

- A server/client branch `if (typeof window !== 'undefined')`.
- Variable input such as `Date.now()` or `Math.random()` which changes each time it's called.
- Date formatting in a user's locale which doesn't match the server.
- External changing data without sending a snapshot of it along with the HTML.
- Invalid HTML tag nesting.

It can also happen if the client has a browser extension installed which messes with the HTML before React loaded.

%s%s https://react.dev/link/hydration-mismatch 

  ...
    <RenderFromTemplateContext>
      <ScrollAndFocusHandler segmentPath={[...]}>
        <InnerScrollAndFocusHandler segmentPath={[...]} focusAndScrollRef={{apply:false, ...}}>
          <ErrorBoundary errorComponent={undefined} errorStyles={undefined} errorScripts={undefined}>
            <LoadingBoundary loading={null}>
              <HTTPAccessFallbackBoundary notFound={<SegmentViewNode>} forbidden={undefined} unauthorized={undefined}>
                <HTTPAccessFallbackErrorBoundary pathname="/" notFound={<SegmentViewNode>} forbidden={undefined} ...>
                  <RedirectBoundary>
                    <RedirectErrorBoundary router={{...}}>
                      <InnerLayoutRouter url="/" tree={[...]} cacheNode={{lazyData:null, ...}} segmentPath={[...]}>
                        <SegmentViewNode type="page" pagePath="/orchids-p...">
                          <SegmentTrieNode>
                          <Home>
                            <MainApp data-orchids-id="src/app/pa..." data-orchids-name="MainApp" locale="ja">
                              <div data-orchids-id="src/compon..." data-orchids-name="div" className="min-h-scre...">
                                ...
                                  <div data-orchids-id="src/compon..." data-orchids-name="div" className="flex items...">
                                    ...
                                      <Primitive.button.Slot type="button" id="radix-_R_3..." aria-haspopup="menu" ...>
                                        <Primitive.button.SlotClone type="button" id="radix-_R_3..." aria-haspopup="menu" ...>
                                          <Button data-orchids-id="src/compon..." data-orchids-name="Button" ...>
                                            <button
                                              data-orchids-id="src/components/locale-switcher.tsx:28:8"
                                              data-orchids-name="Button"
                                              data-slot="dropdown-menu-trigger"
                                              className={"inline-flex items-center justify-center gap-2 whitespace-no..."}
                                              disabled={false}
                                              type="button"
                                              id="radix-_R_36atplb_"
                                              aria-haspopup="menu"
                                              aria-expanded={false}
                                              aria-controls={undefined}
                                              data-state="closed"
                                              data-disabled={undefined}
                                              onPointerDown={function handleEvent}
                                              onKeyDown={function handleEvent}
                                              ref={function}
-                                             data-orchid-ref="ref-gani064asn"
                                            >
                                              <Languages data-orchids-id="src/compon..." data-orchids-name="Languages" ...>
                                                <svg
                                                  ref={null}
                                             ... [truncated]
2026-02-05T19:05:01.815Z [console][error] ./orchids-projects/image-sequence/src/i18n/request.ts:3:1
Module not found: Can't resolve '../../messages/en.json'
  1 | import { getRequestConfig } from "next-intl/server";
  2 | import { cookies, headers } from "next/headers";
> 3 | import en from "../../messages/en.json";
    | ^^^^^^^^^^^^^^^^^^^^^^^^^^^^^^^^^^^^^^^^
  4 | import ja from "../../messages/ja.json";
  5 |
  6 | export const locales = ["en", "ja"] as const;

Import trace:
  Server Component:
    ./orchids-projects/image-sequence/src/i18n/request.ts
    ./orchids-projects/image-sequence/node_modules/next-intl/dist/esm/development/server/react-server/getConfig.js
    ./orchids-projects/image-sequence/node_modules/next-intl/dist/esm/development/server/react-server/getLocale.js
    ./orchids-projects/image-sequence/src/app/layout.tsx

https://nextjs.org/docs/messages/module-not-found
2026-02-05T19:05:01.815Z [console][error] ./orchids-projects/image-sequence/src/i18n/request.ts:4:1
Module not found: Can't resolve '../../messages/ja.json'
  2 | import { cookies, headers } from "next/headers";
  3 | import en from "../../messages/en.json";
> 4 | import ja from "../../messages/ja.json";
    | ^^^^^^^^^^^^^^^^^^^^^^^^^^^^^^^^^^^^^^^^
  5 |
  6 | export const locales = ["en", "ja"] as const;
  7 | export type Locale = (typeof locales)[number];

Import trace:
  Server Component:
    ./orchids-projects/image-sequence/src/i18n/request.ts
    ./orchids-projects/image-sequence/node_modules/next-intl/dist/esm/development/server/react-server/getConfig.js
    ./orchids-projects/image-sequence/node_modules/next-intl/dist/esm/development/server/react-server/getLocale.js
    ./orchids-projects/image-sequence/src/app/layout.tsx

https://nextjs.org/docs/messages/module-not-found
2026-02-05T19:05:05.331Z [console][error] ./orchids-projects/image-sequence/src/i18n/request.ts:3:1
Module not found: Can't resolve '../../messages/en.json'
  1 | import { getRequestConfig } from "next-intl/server";
  2 | import { cookies, headers } from "next/headers";
> 3 | import en from "../../messages/en.json";
    | ^^^^^^^^^^^^^^^^^^^^^^^^^^^^^^^^^^^^^^^^
  4 | import ja from "../../messages/ja.json";
  5 |
  6 | export const locales = ["en", "ja"] as const;

Import trace:
  Server Component:
    ./orchids-projects/image-sequence/src/i18n/request.ts
    ./orchids-projects/image-sequence/node_modules/next-intl/dist/esm/development/server/react-server/getConfig.js
    ./orchids-projects/image-sequence/node_modules/next-intl/dist/esm/development/server/react-server/getLocale.js
    ./orchids-projects/image-sequence/src/app/layout.tsx

https://nextjs.org/docs/messages/module-not-found
2026-02-05T19:05:05.331Z [console][error] ./orchids-projects/image-sequence/src/i18n/request.ts:4:1
Module not found: Can't resolve '../../messages/ja.json'
  2 | import { cookies, headers } from "next/headers";
  3 | import en from "../../messages/en.json";
> 4 | import ja from "../../messages/ja.json";
    | ^^^^^^^^^^^^^^^^^^^^^^^^^^^^^^^^^^^^^^^^
  5 |
  6 | export const locales = ["en", "ja"] as const;
  7 | export type Locale = (typeof locales)[number];

Import trace:
  Server Component:
    ./orchids-projects/image-sequence/src/i18n/request.ts
    ./orchids-projects/image-sequence/node_modules/next-intl/dist/esm/development/server/react-server/getConfig.js
    ./orchids-projects/image-sequence/node_modules/next-intl/dist/esm/development/server/react-server/getLocale.js
    ./orchids-projects/image-sequence/src/app/layout.tsx

https://nextjs.org/docs/messages/module-not-found
2026-02-05T19:05:05.944Z [console][error] ./orchids-projects/image-sequence/src/i18n/request.ts:3:1
Module not found: Can't resolve '../../messages/en.json'
  1 | import { getRequestConfig } from "next-intl/server";
  2 | import { cookies, headers } from "next/headers";
> 3 | import en from "../../messages/en.json";
    | ^^^^^^^^^^^^^^^^^^^^^^^^^^^^^^^^^^^^^^^^
  4 | import ja from "../../messages/ja.json";
  5 |
  6 | export const locales = ["en", "ja"] as const;

Import trace:
  Server Component:
    ./orchids-projects/image-sequence/src/i18n/request.ts
    ./orchids-projects/image-sequence/node_modules/next-intl/dist/esm/development/server/react-server/getConfig.js
    ./orchids-projects/image-sequence/node_modules/next-intl/dist/esm/development/server/react-server/getLocale.js
    ./orchids-projects/image-sequence/src/app/layout.tsx

https://nextjs.org/docs/messages/module-not-found
2026-02-05T19:05:05.944Z [console][error] ./orchids-projects/image-sequence/src/i18n/request.ts:4:1
Module not found: Can't resolve '../../messages/ja.json'
  2 | import { cookies, headers } from "next/headers";
  3 | import en from "../../messages/en.json";
> 4 | import ja from "../../messages/ja.json";
    | ^^^^^^^^^^^^^^^^^^^^^^^^^^^^^^^^^^^^^^^^
  5 |
  6 | export const locales = ["en", "ja"] as const;
  7 | export type Locale = (typeof locales)[number];

Import trace:
  Server Component:
    ./orchids-projects/image-sequence/src/i18n/request.ts
    ./orchids-projects/image-sequence/node_modules/next-intl/dist/esm/development/server/react-server/getConfig.js
    ./orchids-projects/image-sequence/node_modules/next-intl/dist/esm/development/server/react-server/getLocale.js
    ./orchids-projects/image-sequence/src/app/layout.tsx

https://nextjs.org/docs/messages/module-not-found
2026-02-05T19:05:05.980Z [console][error] ./orchids-projects/image-sequence/src/i18n/request.ts:3:1
Module not found: Can't resolve '../../messages/en.json'
  1 | import { getRequestConfig } from "next-intl/server";
  2 | import { cookies, headers } from "next/headers";
> 3 | import en from "../../messages/en.json";
    | ^^^^^^^^^^^^^^^^^^^^^^^^^^^^^^^^^^^^^^^^
  4 | import ja from "../../messages/ja.json";
  5 |
  6 | export const locales = ["en", "ja"] as const;

Import trace:
  Server Component:
    ./orchids-projects/image-sequence/src/i18n/request.ts
    ./orchids-projects/image-sequence/node_modules/next-intl/dist/esm/development/server/react-server/getConfig.js
    ./orchids-projects/image-sequence/node_modules/next-intl/dist/esm/development/server/react-server/getLocale.js
    ./orchids-projects/image-sequence/src/app/layout.tsx

https://nextjs.org/docs/messages/module-not-found
2026-02-05T19:05:05.980Z [console][error] ./orchids-projects/image-sequence/src/i18n/request.ts:4:1
Module not found: Can't resolve '../../messages/ja.json'
  2 | import { cookies, headers } from "next/headers";
  3 | import en from "../../messages/en.json";
> 4 | import ja from "../../messages/ja.json";
    | ^^^^^^^^^^^^^^^^^^^^^^^^^^^^^^^^^^^^^^^^
  5 |
  6 | export const locales = ["en", "ja"] as const;
  7 | export type Locale = (typeof locales)[number];

Import trace:
  Server Component:
    ./orchids-projects/image-sequence/src/i18n/request.ts
    ./orchids-projects/image-sequence/node_modules/next-intl/dist/esm/development/server/react-server/getConfig.js
    ./orchids-projects/image-sequence/node_modules/next-intl/dist/esm/development/server/react-server/getLocale.js
    ./orchids-projects/image-sequence/src/app/layout.tsx

https://nextjs.org/docs/messages/module-not-found
2026-02-05T19:05:06.175Z [console][error] ./orchids-projects/image-sequence/src/i18n/request.ts:3:1
Module not found: Can't resolve '../../messages/en.json'
  1 | import { getRequestConfig } from "next-intl/server";
  2 | import { cookies, headers } from "next/headers";
> 3 | import en from "../../messages/en.json";
    | ^^^^^^^^^^^^^^^^^^^^^^^^^^^^^^^^^^^^^^^^
  4 | import ja from "../../messages/ja.json";
  5 |
  6 | export const locales = ["en", "ja"] as const;

Import trace:
  Server Component:
    ./orchids-projects/image-sequence/src/i18n/request.ts
    ./orchids-projects/image-sequence/node_modules/next-intl/dist/esm/development/server/react-server/getConfig.js
    ./orchids-projects/image-sequence/node_modules/next-intl/dist/esm/development/server/react-server/getLocale.js
    ./orchids-projects/image-sequence/src/app/layout.tsx

https://nextjs.org/docs/messages/module-not-found
2026-02-05T19:05:06.175Z [console][error] ./orchids-projects/image-sequence/src/i18n/request.ts:4:1
Module not found: Can't resolve '../../messages/ja.json'
  2 | import { cookies, headers } from "next/headers";
  3 | import en from "../../messages/en.json";
> 4 | import ja from "../../messages/ja.json";
    | ^^^^^^^^^^^^^^^^^^^^^^^^^^^^^^^^^^^^^^^^
  5 |
  6 | export const locales = ["en", "ja"] as const;
  7 | export type Locale = (typeof locales)[number];

Import trace:
  Server Component:
    ./orchids-projects/image-sequence/src/i18n/request.ts
    ./orchids-projects/image-sequence/node_modules/next-intl/dist/esm/development/server/react-server/getConfig.js
    ./orchids-projects/image-sequence/node_modules/next-intl/dist/esm/development/server/react-server/getLocale.js
    ./orchids-projects/image-sequence/src/app/layout.tsx

https://nextjs.org/docs/messages/module-not-found
2026-02-05T19:05:06.262Z [console][error] Uncaught Error: ./orchids-projects/image-sequence/src/i18n/request.ts:3:1
Module not found: Can't resolve '../../messages/en.json'
  1 | import { getRequestConfig } from "next-intl/server";
  2 | import { cookies, headers } from "next/headers";
> 3 | import en from "../../messages/en.json";
    | ^^^^^^^^^^^^^^^^^^^^^^^^^^^^^^^^^^^^^^^^
  4 | import ja from "../../messages/ja.json";
  5 |
  6 | export const locales = ["en", "ja"] as const;



Import trace:
  Server Component:
    ./orchids-projects/image-sequence/src/i18n/request.ts
    ./orchids-projects/image-sequence/node_modules/next-intl/dist/esm/development/server/react-server/getConfig.js
    ./orchids-projects/image-sequence/node_modules/next-intl/dist/esm/development/server/react-server/getLocale.js
    ./orchids-projects/image-sequence/src/app/layout.tsx

https://nextjs.org/docs/messages/module-not-found


2026-02-05T19:05:06.270Z [console][error] ./orchids-projects/image-sequence/src/i18n/request.ts:3:1
Module not found: Can't resolve '../../messages/en.json'
  1 | import { getRequestConfig } from "next-intl/server";
  2 | import { cookies, headers } from "next/headers";
> 3 | import en from "../../messages/en.json";
    | ^^^^^^^^^^^^^^^^^^^^^^^^^^^^^^^^^^^^^^^^
  4 | import ja from "../../messages/ja.json";
  5 |
  6 | export const locales = ["en", "ja"] as const;

Import trace:
  Server Component:
    ./orchids-projects/image-sequence/src/i18n/request.ts
    ./orchids-projects/image-sequence/node_modules/next-intl/dist/esm/development/server/react-server/getConfig.js
    ./orchids-projects/image-sequence/node_modules/next-intl/dist/esm/development/server/react-server/getLocale.js
    ./orchids-projects/image-sequence/src/app/layout.tsx

https://nextjs.org/docs/messages/module-not-found
2026-02-05T19:05:06.270Z [console][error] ./orchids-projects/image-sequence/src/i18n/request.ts:4:1
Module not found: Can't resolve '../../messages/ja.json'
  2 | import { cookies, headers } from "next/headers";
  3 | import en from "../../messages/en.json";
> 4 | import ja from "../../messages/ja.json";
    | ^^^^^^^^^^^^^^^^^^^^^^^^^^^^^^^^^^^^^^^^
  5 |
  6 | export const locales = ["en", "ja"] as const;
  7 | export type Locale = (typeof locales)[number];

Import trace:
  Server Component:
    ./orchids-projects/image-sequence/src/i18n/request.ts
    ./orchids-projects/image-sequence/node_modules/next-intl/dist/esm/development/server/react-server/getConfig.js
    ./orchids-projects/image-sequence/node_modules/next-intl/dist/esm/development/server/react-server/getLocale.js
    ./orchids-projects/image-sequence/src/app/layout.tsx

https://nextjs.org/docs/messages/module-not-found
2026-02-05T19:05:06.314Z [console][error] ./orchids-projects/image-sequence/src/i18n/request.ts:3:1
Module not found: Can't resolve '../../messages/en.json'
  1 | import { getRequestConfig } from "next-intl/server";
  2 | import { cookies, headers } from "next/headers";
> 3 | import en from "../../messages/en.json";
    | ^^^^^^^^^^^^^^^^^^^^^^^^^^^^^^^^^^^^^^^^
  4 | import ja from "../../messages/ja.json";
  5 |
  6 | export const locales = ["en", "ja"] as const;

Import trace:
  Server Component:
    ./orchids-projects/image-sequence/src/i18n/request.ts
    ./orchids-projects/image-sequence/node_modules/next-intl/dist/esm/development/server/react-server/getConfig.js
    ./orchids-projects/image-sequence/node_modules/next-intl/dist/esm/development/server/react-server/getLocale.js
    ./orchids-projects/image-sequence/src/app/layout.tsx

https://nextjs.org/docs/messages/module-not-found
2026-02-05T19:05:06.314Z [console][error] ./orchids-projects/image-sequence/src/i18n/request.ts:4:1
Module not found: Can't resolve '../../messages/ja.json'
  2 | import { cookies, headers } from "next/headers";
  3 | import en from "../../messages/en.json";
> 4 | import ja from "../../messages/ja.json";
    | ^^^^^^^^^^^^^^^^^^^^^^^^^^^^^^^^^^^^^^^^
  5 |
  6 | export const locales = ["en", "ja"] as const;
  7 | export type Locale = (typeof locales)[number];

Import trace:
  Server Component:
    ./orchids-projects/image-sequence/src/i18n/request.ts
    ./orchids-projects/image-sequence/node_modules/next-intl/dist/esm/development/server/react-server/getConfig.js
    ./orchids-projects/image-sequence/node_modules/next-intl/dist/esm/development/server/react-server/getLocale.js
    ./orchids-projects/image-sequence/src/app/layout.tsx

https://nextjs.org/docs/messages/module-not-found
2026-02-05T19:08:24.414Z [console][error] A tree hydrated but some attributes of the server rendered HTML didn't match the client properties. This won't be patched up. This can happen if a SSR-ed Client Component used:

- A server/client branch `if (typeof window !== 'undefined')`.
- Variable input such as `Date.now()` or `Math.random()` which changes each time it's called.
- Date formatting in a user's locale which doesn't match the server.
- External changing data without sending a snapshot of it along with the HTML.
- Invalid HTML tag nesting.

It can also happen if the client has a browser extension installed which messes with the HTML before React loaded.

%s%s https://react.dev/link/hydration-mismatch 

  ...
    <ErrorBoundary errorComponent={undefined} errorStyles={undefined} errorScripts={undefined}>
      <LoadingBoundary loading={null}>
        <HTTPAccessFallbackBoundary notFound={<SegmentViewNode>} forbidden={undefined} unauthorized={undefined}>
          <HTTPAccessFallbackErrorBoundary pathname="/" notFound={<SegmentViewNode>} forbidden={undefined} ...>
            <RedirectBoundary>
              <RedirectErrorBoundary router={{...}}>
                <InnerLayoutRouter url="/" tree={[...]} cacheNode={{lazyData:null, ...}} segmentPath={[...]}>
                  <SegmentViewNode type="page" pagePath="/orchids-p...">
                    <SegmentTrieNode>
                    <Home>
                      <MainApp data-orchids-id="src/app/pa..." data-orchids-name="MainApp" locale="ja">
                        <div data-orchids-id="src/compon..." data-orchids-name="div" className="min-h-scre...">
                          <header>
                          <main data-orchids-id="src/compon..." data-orchids-name="main" className="container ...">
                            <ImageUploader>
                            <FpsSelector>
                            <VideoGenerator data-orchids-id="src/compon..." data-orchids-name="VideoGener..." ...>
                              <Card data-orchids-id="src/compon..." data-orchids-name="Card">
                                <div
                                  data-orchids-id="src/components/video-generator.tsx:105:4"
                                  data-orchids-name="Card"
                                  data-slot="card"
                                  className="bg-card text-card-foreground flex flex-col gap-6 rounded-xl border py-6 s..."
-                                 data-orchid-ref="ref-ximqnqm4kw"
                                >
                                  <CardHeader data-orchids-id="src/compon..." data-orchids-name="CardHeader">
                                    <div
                                      data-orchids-id="src/components/video-generator.tsx:106:6"
                                      data-orchids-name="CardHeader"
                                      data-slot="card-header"
                                      className="@container/card-header grid auto-rows-min grid-rows-[auto_auto] items..."
-                                     data-orchid-ref="ref-vqscu9yl6u"
                                    >
                                      <CardTitle data-orchids-id="src/compon..." data-orchids-name="CardTitle" ...>
                                        <div
                                          data-orchids-id="src/components/video-generator.tsx:107:8"
                                          data-orchids-name="CardTitle"
                                          data-slot="card-title"
                                          className="font-semibold text-lg"
-                                         data-orchid-ref="ref-1pgcub7g8p"
                                        >
+                                         
                                  <CardContent data-orchids-id="src/compon..." data-orchids-name="CardContent" ...>
                                    <div
                                      data-orchids-id="src/components/video-generator.tsx:1... [truncated]
2026-02-05T19:08:24.414Z [console][error] A tree hydrated but some attributes of the server rendered HTML didn't match the client properties. This won't be patched up. This can happen if a SSR-ed Client Component used:

- A server/client branch `if (typeof window !== 'undefined')`.
- Variable input such as `Date.now()` or `Math.random()` which changes each time it's called.
- Date formatting in a user's locale which doesn't match the server.
- External changing data without sending a snapshot of it along with the HTML.
- Invalid HTML tag nesting.

It can also happen if the client has a browser extension installed which messes with the HTML before React loaded.

%s%s https://react.dev/link/hydration-mismatch 

  ...
    <ErrorBoundary errorComponent={undefined} errorStyles={undefined} errorScripts={undefined}>
      <LoadingBoundary loading={null}>
        <HTTPAccessFallbackBoundary notFound={<SegmentViewNode>} forbidden={undefined} unauthorized={undefined}>
          <HTTPAccessFallbackErrorBoundary pathname="/" notFound={<SegmentViewNode>} forbidden={undefined} ...>
            <RedirectBoundary>
              <RedirectErrorBoundary router={{...}}>
                <InnerLayoutRouter url="/" tree={[...]} cacheNode={{lazyData:null, ...}} segmentPath={[...]}>
                  <SegmentViewNode type="page" pagePath="/orchids-p...">
                    <SegmentTrieNode>
                    <Home>
                      <MainApp data-orchids-id="src/app/pa..." data-orchids-name="MainApp" locale="ja">
                        <div data-orchids-id="src/compon..." data-orchids-name="div" className="min-h-scre...">
                          <header>
                          <main data-orchids-id="src/compon..." data-orchids-name="main" className="container ...">
                            <ImageUploader>
                            <FpsSelector>
                            <VideoGenerator data-orchids-id="src/compon..." data-orchids-name="VideoGener..." ...>
                              <Card data-orchids-id="src/...
